Arguments: 
  /home/ashwanth/.nvm/versions/node/v10.16.0/bin/node /home/ashwanth/.nvm/versions/node/v10.16.0/bin/yarn add -D @babel/cli @babel/core @babel/nodee @babel/preset-env

PATH: 
  /usr/bin/google-cloud-sdk/bin:/home/ashwanth/.nvm/versions/node/v10.16.0/bin:/usr/bin/google-cloud-sdk/bin:/home/ashwanth/.local/bin:/usr/local/sbin:/usr/local/bin:/usr/sbin:/usr/bin:/sbin:/bin:/usr/games:/usr/local/games:/snap/bin

Yarn version: 
  1.17.3

Node version: 
  10.16.0

Platform: 
  linux x64

Trace: 
  Error: https://registry.yarnpkg.com/@babel%2fnodee: Not found
      at Request.params.callback [as _callback] (/home/ashwanth/.nvm/versions/node/v10.16.0/lib/node_modules/yarn/lib/cli.js:66830:18)
      at Request.self.callback (/home/ashwanth/.nvm/versions/node/v10.16.0/lib/node_modules/yarn/lib/cli.js:140464:22)
      at Request.emit (events.js:198:13)
      at Request.<anonymous> (/home/ashwanth/.nvm/versions/node/v10.16.0/lib/node_modules/yarn/lib/cli.js:141436:10)
      at Request.emit (events.js:198:13)
      at IncomingMessage.<anonymous> (/home/ashwanth/.nvm/versions/node/v10.16.0/lib/node_modules/yarn/lib/cli.js:141358:12)
      at Object.onceWrapper (events.js:286:20)
      at IncomingMessage.emit (events.js:203:15)
      at endReadableNT (_stream_readable.js:1129:12)
      at process._tickCallback (internal/process/next_tick.js:63:19)

npm manifest: 
  {
    "name": "examples",
    "version": "1.0.0",
    "main": "index.js",
    "license": "MIT",
    "dependencies": {
      "@ashwanth1109/add-two-numbers": "^1.0.0"
    }
  }

yarn manifest: 
  No manifest

Lockfile: 
  # THIS IS AN AUTOGENERATED FILE. DO NOT EDIT THIS FILE DIRECTLY.
  # yarn lockfile v1
  
  
  "@ashwanth1109/add-two-numbers@^1.0.0":
    version "1.0.0"
    resolved "https://registry.yarnpkg.com/@ashwanth1109/add-two-numbers/-/add-two-numbers-1.0.0.tgz#f6d01e59756f453fba8b4f43f78b36e542a6917a"
    integrity sha512-PR8EImt5vCCgVYcQ8sEZfyl5AeNBaLxF6+Dgl2Gkjj25emnp1Bn49LrRS4pI7QcejAdf+q/q5SOYulpDc+xNeA==
